<?xml version="1.0" encoding="UTF-8"?>
<!-- Generated by org.testng.reporters.JUnitXMLReporter -->
<testsuite ignored="6" hostname="DESKTOP-CJSKQI6" failures="1" tests="21" name="Test" time="68.066" errors="0" timestamp="2025-09-08T22:59:36 IST">
  <testcase classname="saucedemo.testclasses.LoginPageTest" name="urlWorking" time="0.084"/>
  <testcase classname="saucedemo.testclasses.LoginPageTest" name="inValidLogin" time="0.633"/>
  <testcase classname="saucedemo.testclasses.LoginPageTest" name="lockedUser" time="0.497"/>
  <testcase classname="saucedemo.testclasses.LoginPageTest" name="validLogin" time="0.664"/>
  <testcase classname="saucedemo.testclasses.ProductPageTest" name="productDisplayed" time="0.287"/>
  <testcase classname="saucedemo.testclasses.ProductPageTest" name="filterTest" time="4.089"/>
  <testcase classname="saucedemo.testclasses.ProductPageTest" name="addProductToCart" time="5.929"/>
  <testcase classname="saucedemo.testclasses.ProductPageTest" name="detailsTest" time="0.699"/>
  <testcase classname="saucedemo.testclasses.ProductPageTest" name="removeProductFromCart" time="14.19"/>
  <testcase classname="saucedemo.testclasses.ProductPageTest" name="goToCartTest" time="5.841"/>
  <testcase classname="saucedemo.testclasses.CartPageTest" name="isCartPageTest" time="0.011"/>
  <testcase classname="saucedemo.testclasses.CartPageTest" name="checkCartWithEmptyTest" time="14.67">
    <failure type="java.lang.AssertionError" message="BUG: Checkout is opening even when cart is empty! expected [false] but found [true]">
      <![CDATA[java.lang.AssertionError: BUG: Checkout is opening even when cart is empty! expected [false] but found [true]
at saucedemo.testclasses.CartPageTest.checkCartWithEmptyTest(CartPageTest.java:40)
at java.base/java.util.ArrayList.forEach(ArrayList.java:1596)
... Removed 28 stack frames]]>
    </failure>
  </testcase> <!-- checkCartWithEmptyTest -->
  <testcase classname="saucedemo.testclasses.CartPageTest" name="verifyAddedProductsTest" time="6.901"/>
  <testcase classname="saucedemo.testclasses.CartPageTest" name="clickCheckOutTest" time="1.303"/>
  <testcase classname="saucedemo.testclasses.CheckOutPageTest" name="checkOutPageTest" time="0.314"/>
  <testcase classname="saucedemo.testclasses.CheckOutPageTest" name="checkOutWithoutDetailsTest" time="2.407"/>
  <testcase classname="saucedemo.testclasses.CheckOutPageTest" name="checkOutTest" time="0.954"/>
  <testcase classname="saucedemo.testclasses.CheckOutPageTest" name="verifyTotalAmountTest" time="2.27"/>
  <testcase classname="saucedemo.testclasses.CheckOutPageTest" name="finishOrderingTest" time="2.366"/>
  <testcase classname="saucedemo.testclasses.CheckOutPageTest" name="homepageTest" time="0.152"/>
  <testcase classname="saucedemo.testclasses.CheckOutPageTest" name="logoutTest" time="2.365"/>
  <testcase classname="saucedemo.testclasses.BaseTest" name="@AfterSuite teardown" time="0.0">
    <ignored/>
  </testcase> <!-- @AfterSuite teardown -->
  <testcase classname="saucedemo.testclasses.BaseTest" name="@BeforeSuite setup" time="0.0">
    <ignored/>
  </testcase> <!-- @BeforeSuite setup -->
  <testcase classname="saucedemo.testclasses.BaseTest" name="@AfterSuite teardown" time="0.0">
    <ignored/>
  </testcase> <!-- @AfterSuite teardown -->
  <testcase classname="saucedemo.testclasses.BaseTest" name="@BeforeSuite setup" time="0.0">
    <ignored/>
  </testcase> <!-- @BeforeSuite setup -->
  <testcase classname="saucedemo.testclasses.BaseTest" name="@BeforeSuite setup" time="0.0">
    <ignored/>
  </testcase> <!-- @BeforeSuite setup -->
  <testcase classname="saucedemo.testclasses.BaseTest" name="@AfterSuite teardown" time="0.0">
    <ignored/>
  </testcase> <!-- @AfterSuite teardown -->
</testsuite> <!-- Test -->
