<?xml version="1.0" encoding="UTF-8"?>
<testng-results ignored="0" total="23" passed="22" failed="1" skipped="0">
  <reporter-output>
  </reporter-output>
  <suite started-at="2025-09-07T23:06:37 IST" name="Suite" finished-at="2025-09-07T23:07:36 IST" duration-ms="58745">
    <groups>
      <group name="cucumber">
        <method signature="AbstractTestNGCucumberTests.runScenario(io.cucumber.testng.PickleWrapper,io.cucumber.testng.FeatureWrapper)[pri:0, instance:saucedemo.runners.TestRunner@6ab778a]" name="runScenario" class="io.cucumber.testng.AbstractTestNGCucumberTests"/>
      </group> <!-- cucumber -->
    </groups>
    <test started-at="2025-09-07T23:06:37 IST" name="Test" finished-at="2025-09-07T23:07:36 IST" duration-ms="58745">
      <class name="saucedemo.testclasses.ProductPageTest">
        <test-method is-config="true" signature="init()[pri:0, instance:saucedemo.testclasses.ProductPageTest@21b2e768]" started-at="2025-09-07T23:07:00 IST" name="init" finished-at="2025-09-07T23:07:00 IST" duration-ms="2" status="PASS">
          <reporter-output>
          </reporter-output>
        </test-method> <!-- init -->
        <test-method signature="productDisplayed()[pri:1, instance:saucedemo.testclasses.ProductPageTest@21b2e768]" started-at="2025-09-07T23:07:00 IST" name="productDisplayed" finished-at="2025-09-07T23:07:00 IST" duration-ms="303" status="PASS">
          <reporter-output>
          </reporter-output>
        </test-method> <!-- productDisplayed -->
        <test-method signature="filterTest()[pri:2, instance:saucedemo.testclasses.ProductPageTest@21b2e768]" started-at="2025-09-07T23:07:00 IST" name="filterTest" finished-at="2025-09-07T23:07:04 IST" duration-ms="3614" status="PASS">
          <reporter-output>
          </reporter-output>
        </test-method> <!-- filterTest -->
        <test-method is-config="true" signature="init()[pri:0, instance:saucedemo.testclasses.ProductPageTest@21b2e768]" started-at="2025-09-07T23:07:00 IST" name="init" finished-at="2025-09-07T23:07:00 IST" duration-ms="0" status="PASS">
          <reporter-output>
          </reporter-output>
        </test-method> <!-- init -->
        <test-method is-config="true" signature="init()[pri:0, instance:saucedemo.testclasses.ProductPageTest@21b2e768]" started-at="2025-09-07T23:07:04 IST" name="init" finished-at="2025-09-07T23:07:04 IST" duration-ms="1" status="PASS">
          <reporter-output>
          </reporter-output>
        </test-method> <!-- init -->
        <test-method signature="addProductToCart()[pri:3, instance:saucedemo.testclasses.ProductPageTest@21b2e768]" started-at="2025-09-07T23:07:04 IST" name="addProductToCart" finished-at="2025-09-07T23:07:05 IST" duration-ms="1326" status="PASS">
          <reporter-output>
          </reporter-output>
        </test-method> <!-- addProductToCart -->
        <test-method is-config="true" signature="init()[pri:0, instance:saucedemo.testclasses.ProductPageTest@21b2e768]" started-at="2025-09-07T23:07:05 IST" name="init" finished-at="2025-09-07T23:07:05 IST" duration-ms="1" status="PASS">
          <reporter-output>
          </reporter-output>
        </test-method> <!-- init -->
        <test-method signature="detailsTest()[pri:4, instance:saucedemo.testclasses.ProductPageTest@21b2e768]" started-at="2025-09-07T23:07:05 IST" name="detailsTest" finished-at="2025-09-07T23:07:07 IST" duration-ms="1286" status="PASS">
          <reporter-output>
          </reporter-output>
        </test-method> <!-- detailsTest -->
        <test-method is-config="true" signature="init()[pri:0, instance:saucedemo.testclasses.ProductPageTest@21b2e768]" started-at="2025-09-07T23:07:07 IST" name="init" finished-at="2025-09-07T23:07:07 IST" duration-ms="1" status="PASS">
          <reporter-output>
          </reporter-output>
        </test-method> <!-- init -->
        <test-method signature="removeProductFromCart()[pri:5, instance:saucedemo.testclasses.ProductPageTest@21b2e768]" started-at="2025-09-07T23:07:07 IST" name="removeProductFromCart" finished-at="2025-09-07T23:07:17 IST" duration-ms="10738" status="PASS">
          <reporter-output>
          </reporter-output>
        </test-method> <!-- removeProductFromCart -->
        <test-method is-config="true" signature="init()[pri:0, instance:saucedemo.testclasses.ProductPageTest@21b2e768]" started-at="2025-09-07T23:07:17 IST" name="init" finished-at="2025-09-07T23:07:17 IST" duration-ms="0" status="PASS">
          <reporter-output>
          </reporter-output>
        </test-method> <!-- init -->
        <test-method signature="goToCartTest()[pri:7, instance:saucedemo.testclasses.ProductPageTest@21b2e768]" started-at="2025-09-07T23:07:17 IST" name="goToCartTest" finished-at="2025-09-07T23:07:20 IST" duration-ms="2061" status="PASS">
          <reporter-output>
          </reporter-output>
        </test-method> <!-- goToCartTest -->
      </class> <!-- saucedemo.testclasses.ProductPageTest -->
      <class name="saucedemo.runners.TestRunner">
        <test-method is-config="true" signature="setUpClass(org.testng.ITestContext)[pri:0, instance:saucedemo.runners.TestRunner@6ab778a]" started-at="2025-09-07T23:06:38 IST" name="setUpClass" finished-at="2025-09-07T23:06:39 IST" duration-ms="1612" status="PASS">
          <params>
            <param index="0">
              <value>
                <![CDATA[org.testng.TestRunner@1e40fbb3]]>
              </value>
            </param>
          </params>
          <reporter-output>
          </reporter-output>
        </test-method> <!-- setUpClass -->
        <test-method signature="runScenario(io.cucumber.testng.PickleWrapper,io.cucumber.testng.FeatureWrapper)[pri:0, instance:saucedemo.runners.TestRunner@6ab778a]" started-at="2025-09-07T23:06:39 IST" name="runScenario" description="Runs Cucumber Scenarios" data-provider="scenarios" finished-at="2025-09-07T23:06:45 IST" duration-ms="5549" status="PASS">
          <params>
            <param index="0">
              <value>
                <![CDATA["Verify URL is working"]]>
              </value>
            </param>
            <param index="1">
              <value>
                <![CDATA["Login Page Tests"]]>
              </value>
            </param>
          </params>
          <reporter-output>
          </reporter-output>
        </test-method> <!-- runScenario -->
        <test-method signature="runScenario(io.cucumber.testng.PickleWrapper,io.cucumber.testng.FeatureWrapper)[pri:0, instance:saucedemo.runners.TestRunner@6ab778a]" started-at="2025-09-07T23:06:45 IST" name="runScenario" description="Runs Cucumber Scenarios" data-provider="scenarios" finished-at="2025-09-07T23:06:49 IST" duration-ms="4253" status="PASS">
          <params>
            <param index="0">
              <value>
                <![CDATA["Invalid login attempt"]]>
              </value>
            </param>
            <param index="1">
              <value>
                <![CDATA["Login Page Tests"]]>
              </value>
            </param>
          </params>
          <reporter-output>
          </reporter-output>
        </test-method> <!-- runScenario -->
        <test-method signature="runScenario(io.cucumber.testng.PickleWrapper,io.cucumber.testng.FeatureWrapper)[pri:0, instance:saucedemo.runners.TestRunner@6ab778a]" started-at="2025-09-07T23:06:49 IST" name="runScenario" description="Runs Cucumber Scenarios" data-provider="scenarios" finished-at="2025-09-07T23:06:53 IST" duration-ms="4024" status="PASS">
          <params>
            <param index="0">
              <value>
                <![CDATA["Locked out user login"]]>
              </value>
            </param>
            <param index="1">
              <value>
                <![CDATA["Login Page Tests"]]>
              </value>
            </param>
          </params>
          <reporter-output>
          </reporter-output>
        </test-method> <!-- runScenario -->
        <test-method signature="runScenario(io.cucumber.testng.PickleWrapper,io.cucumber.testng.FeatureWrapper)[pri:0, instance:saucedemo.runners.TestRunner@6ab778a]" started-at="2025-09-07T23:06:53 IST" name="runScenario" description="Runs Cucumber Scenarios" data-provider="scenarios" finished-at="2025-09-07T23:06:57 IST" duration-ms="4082" status="PASS">
          <params>
            <param index="0">
              <value>
                <![CDATA["Valid login attempt"]]>
              </value>
            </param>
            <param index="1">
              <value>
                <![CDATA["Login Page Tests"]]>
              </value>
            </param>
          </params>
          <reporter-output>
          </reporter-output>
        </test-method> <!-- runScenario -->
        <test-method is-config="true" signature="tearDownClass()[pri:0, instance:saucedemo.runners.TestRunner@6ab778a]" started-at="2025-09-07T23:06:57 IST" name="tearDownClass" finished-at="2025-09-07T23:06:57 IST" duration-ms="103" status="PASS">
          <reporter-output>
          </reporter-output>
        </test-method> <!-- tearDownClass -->
      </class> <!-- saucedemo.runners.TestRunner -->
      <class name="saucedemo.testclasses.CartPageTest">
        <test-method is-config="true" signature="init()[pri:0, instance:saucedemo.testclasses.CartPageTest@57250572]" started-at="2025-09-07T23:07:20 IST" name="init" finished-at="2025-09-07T23:07:20 IST" duration-ms="2" status="PASS">
          <reporter-output>
          </reporter-output>
        </test-method> <!-- init -->
        <test-method signature="isCartPage()[pri:1, instance:saucedemo.testclasses.CartPageTest@57250572]" started-at="2025-09-07T23:07:20 IST" name="isCartPage" finished-at="2025-09-07T23:07:20 IST" duration-ms="13" status="PASS">
          <reporter-output>
          </reporter-output>
        </test-method> <!-- isCartPage -->
        <test-method is-config="true" signature="init()[pri:0, instance:saucedemo.testclasses.CartPageTest@57250572]" started-at="2025-09-07T23:07:20 IST" name="init" finished-at="2025-09-07T23:07:20 IST" duration-ms="1" status="PASS">
          <reporter-output>
          </reporter-output>
        </test-method> <!-- init -->
        <test-method signature="checkCartWithEmpty()[pri:2, instance:saucedemo.testclasses.CartPageTest@57250572]" started-at="2025-09-07T23:07:20 IST" name="checkCartWithEmpty" finished-at="2025-09-07T23:07:33 IST" duration-ms="12987" status="FAIL">
          <exception class="java.lang.AssertionError">
            <message>
              <![CDATA[BUG: Checkout is opening even when cart is empty! expected [false] but found [true]]]>
            </message>
            <full-stacktrace>
              <![CDATA[java.lang.AssertionError: BUG: Checkout is opening even when cart is empty! expected [false] but found [true]
at org.testng.Assert.fail(Assert.java:111)
at org.testng.Assert.failNotEquals(Assert.java:1590)
at org.testng.Assert.assertFalse(Assert.java:79)
at saucedemo.testclasses.CartPageTest.checkCartWithEmpty(CartPageTest.java:42)
at java.base/jdk.internal.reflect.DirectMethodHandleAccessor.invoke(DirectMethodHandleAccessor.java:103)
at java.base/java.lang.reflect.Method.invoke(Method.java:580)
at org.testng.internal.invokers.MethodInvocationHelper.invokeMethod(MethodInvocationHelper.java:141)
at org.testng.internal.invokers.TestInvoker.invokeMethod(TestInvoker.java:687)
at org.testng.internal.invokers.TestInvoker.invokeTestMethod(TestInvoker.java:230)
at org.testng.internal.invokers.MethodRunner.runInSequence(MethodRunner.java:63)
at org.testng.internal.invokers.TestInvoker$MethodInvocationAgent.invoke(TestInvoker.java:995)
at org.testng.internal.invokers.TestInvoker.invokeTestMethods(TestInvoker.java:203)
at org.testng.internal.invokers.TestMethodWorker.invokeTestMethods(TestMethodWorker.java:154)
at org.testng.internal.invokers.TestMethodWorker.run(TestMethodWorker.java:134)
at java.base/java.util.ArrayList.forEach(ArrayList.java:1596)
at org.testng.TestRunner.privateRun(TestRunner.java:741)
at org.testng.TestRunner.run(TestRunner.java:616)
at org.testng.SuiteRunner.runTest(SuiteRunner.java:421)
at org.testng.SuiteRunner.runSequentially(SuiteRunner.java:413)
at org.testng.SuiteRunner.privateRun(SuiteRunner.java:373)
at org.testng.SuiteRunner.run(SuiteRunner.java:312)
at org.testng.SuiteRunnerWorker.runSuite(SuiteRunnerWorker.java:52)
at org.testng.SuiteRunnerWorker.run(SuiteRunnerWorker.java:95)
at org.testng.TestNG.runSuitesSequentially(TestNG.java:1274)
at org.testng.TestNG.runSuitesLocally(TestNG.java:1208)
at org.testng.TestNG.runSuites(TestNG.java:1112)
at org.testng.TestNG.run(TestNG.java:1079)
at org.testng.remote.AbstractRemoteTestNG.run(AbstractRemoteTestNG.java:115)
at org.testng.remote.RemoteTestNG.initAndRun(RemoteTestNG.java:293)
at org.testng.remote.RemoteTestNG.main(RemoteTestNG.java:91)
]]>
            </full-stacktrace>
          </exception> <!-- java.lang.AssertionError -->
          <reporter-output>
          </reporter-output>
        </test-method> <!-- checkCartWithEmpty -->
        <test-method is-config="true" signature="init()[pri:0, instance:saucedemo.testclasses.CartPageTest@57250572]" started-at="2025-09-07T23:07:33 IST" name="init" finished-at="2025-09-07T23:07:33 IST" duration-ms="1" status="PASS">
          <reporter-output>
          </reporter-output>
        </test-method> <!-- init -->
        <test-method signature="verifyAddedProducts()[pri:3, instance:saucedemo.testclasses.CartPageTest@57250572]" started-at="2025-09-07T23:07:33 IST" name="verifyAddedProducts" finished-at="2025-09-07T23:07:34 IST" duration-ms="1320" status="PASS">
          <reporter-output>
          </reporter-output>
        </test-method> <!-- verifyAddedProducts -->
        <test-method is-config="true" signature="init()[pri:0, instance:saucedemo.testclasses.CartPageTest@57250572]" started-at="2025-09-07T23:07:34 IST" name="init" finished-at="2025-09-07T23:07:34 IST" duration-ms="1" status="PASS">
          <reporter-output>
          </reporter-output>
        </test-method> <!-- init -->
        <test-method signature="clickCheckOut()[pri:4, instance:saucedemo.testclasses.CartPageTest@57250572]" started-at="2025-09-07T23:07:34 IST" name="clickCheckOut" finished-at="2025-09-07T23:07:34 IST" duration-ms="365" status="PASS">
          <reporter-output>
          </reporter-output>
        </test-method> <!-- clickCheckOut -->
      </class> <!-- saucedemo.testclasses.CartPageTest -->
      <class name="saucedemo.testclasses.CheckOutPageTest">
        <test-method is-config="true" signature="init()[pri:0, instance:saucedemo.testclasses.CheckOutPageTest@17a7f733]" started-at="2025-09-07T23:07:34 IST" name="init" finished-at="2025-09-07T23:07:34 IST" duration-ms="2" status="PASS">
          <reporter-output>
          </reporter-output>
        </test-method> <!-- init -->
        <test-method signature="checkOutPageTest()[pri:1, instance:saucedemo.testclasses.CheckOutPageTest@17a7f733]" started-at="2025-09-07T23:07:34 IST" name="checkOutPageTest" finished-at="2025-09-07T23:07:34 IST" duration-ms="18" status="PASS">
          <reporter-output>
          </reporter-output>
        </test-method> <!-- checkOutPageTest -->
        <test-method is-config="true" signature="init()[pri:0, instance:saucedemo.testclasses.CheckOutPageTest@17a7f733]" started-at="2025-09-07T23:07:34 IST" name="init" finished-at="2025-09-07T23:07:34 IST" duration-ms="1" status="PASS">
          <reporter-output>
          </reporter-output>
        </test-method> <!-- init -->
        <test-method signature="checkOutWithoutDetailsTest()[pri:2, instance:saucedemo.testclasses.CheckOutPageTest@17a7f733]" started-at="2025-09-07T23:07:34 IST" name="checkOutWithoutDetailsTest" finished-at="2025-09-07T23:07:35 IST" duration-ms="250" status="PASS">
          <reporter-output>
          </reporter-output>
        </test-method> <!-- checkOutWithoutDetailsTest -->
        <test-method signature="checkOutTest()[pri:3, instance:saucedemo.testclasses.CheckOutPageTest@17a7f733]" started-at="2025-09-07T23:07:35 IST" name="checkOutTest" finished-at="2025-09-07T23:07:35 IST" duration-ms="794" status="PASS">
          <reporter-output>
          </reporter-output>
        </test-method> <!-- checkOutTest -->
        <test-method is-config="true" signature="init()[pri:0, instance:saucedemo.testclasses.CheckOutPageTest@17a7f733]" started-at="2025-09-07T23:07:35 IST" name="init" finished-at="2025-09-07T23:07:35 IST" duration-ms="0" status="PASS">
          <reporter-output>
          </reporter-output>
        </test-method> <!-- init -->
        <test-method is-config="true" signature="init()[pri:0, instance:saucedemo.testclasses.CheckOutPageTest@17a7f733]" started-at="2025-09-07T23:07:35 IST" name="init" finished-at="2025-09-07T23:07:35 IST" duration-ms="0" status="PASS">
          <reporter-output>
          </reporter-output>
        </test-method> <!-- init -->
        <test-method signature="verifyTotalAmountTest()[pri:4, instance:saucedemo.testclasses.CheckOutPageTest@17a7f733]" started-at="2025-09-07T23:07:35 IST" name="verifyTotalAmountTest" finished-at="2025-09-07T23:07:35 IST" duration-ms="50" status="PASS">
          <reporter-output>
          </reporter-output>
        </test-method> <!-- verifyTotalAmountTest -->
        <test-method is-config="true" signature="init()[pri:0, instance:saucedemo.testclasses.CheckOutPageTest@17a7f733]" started-at="2025-09-07T23:07:35 IST" name="init" finished-at="2025-09-07T23:07:35 IST" duration-ms="1" status="PASS">
          <reporter-output>
          </reporter-output>
        </test-method> <!-- init -->
        <test-method signature="finishOrderingTest()[pri:5, instance:saucedemo.testclasses.CheckOutPageTest@17a7f733]" started-at="2025-09-07T23:07:35 IST" name="finishOrderingTest" finished-at="2025-09-07T23:07:36 IST" depends-on-methods="saucedemo.testclasses.CheckOutPageTest.verifyTotalAmountTest" duration-ms="261" status="PASS">
          <reporter-output>
          </reporter-output>
        </test-method> <!-- finishOrderingTest -->
      </class> <!-- saucedemo.testclasses.CheckOutPageTest -->
      <class name="saucedemo.testclasses.LoginPageTest">
        <test-method is-config="true" signature="setup()[pri:0, instance:saucedemo.testclasses.LoginPageTest@6a03bcb1]" started-at="2025-09-07T23:06:31 IST" name="setup" finished-at="2025-09-07T23:06:37 IST" duration-ms="6101" status="PASS">
          <reporter-output>
          </reporter-output>
        </test-method> <!-- setup -->
        <test-method is-config="true" signature="init()[pri:0, instance:saucedemo.testclasses.LoginPageTest@6a03bcb1]" started-at="2025-09-07T23:06:57 IST" name="init" finished-at="2025-09-07T23:06:57 IST" duration-ms="1" status="PASS">
          <reporter-output>
          </reporter-output>
        </test-method> <!-- init -->
        <test-method signature="urlWorking()[pri:1, instance:saucedemo.testclasses.LoginPageTest@6a03bcb1]" started-at="2025-09-07T23:06:57 IST" name="urlWorking" finished-at="2025-09-07T23:06:57 IST" duration-ms="88" status="PASS">
          <reporter-output>
          </reporter-output>
        </test-method> <!-- urlWorking -->
        <test-method is-config="true" signature="close()[pri:0, instance:saucedemo.testclasses.LoginPageTest@6a03bcb1]" started-at="2025-09-07T23:06:57 IST" name="close" finished-at="2025-09-07T23:06:58 IST" duration-ms="243" status="PASS">
          <reporter-output>
          </reporter-output>
        </test-method> <!-- close -->
        <test-method is-config="true" signature="init()[pri:0, instance:saucedemo.testclasses.LoginPageTest@6a03bcb1]" started-at="2025-09-07T23:06:58 IST" name="init" finished-at="2025-09-07T23:06:58 IST" duration-ms="2" status="PASS">
          <reporter-output>
          </reporter-output>
        </test-method> <!-- init -->
        <test-method signature="inValidLogin()[pri:2, instance:saucedemo.testclasses.LoginPageTest@6a03bcb1]" started-at="2025-09-07T23:06:58 IST" name="inValidLogin" finished-at="2025-09-07T23:06:58 IST" duration-ms="699" status="PASS">
          <reporter-output>
          </reporter-output>
        </test-method> <!-- inValidLogin -->
        <test-method is-config="true" signature="close()[pri:0, instance:saucedemo.testclasses.LoginPageTest@6a03bcb1]" started-at="2025-09-07T23:06:58 IST" name="close" finished-at="2025-09-07T23:06:59 IST" duration-ms="142" status="PASS">
          <reporter-output>
          </reporter-output>
        </test-method> <!-- close -->
        <test-method is-config="true" signature="init()[pri:0, instance:saucedemo.testclasses.LoginPageTest@6a03bcb1]" started-at="2025-09-07T23:06:59 IST" name="init" finished-at="2025-09-07T23:06:59 IST" duration-ms="1" status="PASS">
          <reporter-output>
          </reporter-output>
        </test-method> <!-- init -->
        <test-method signature="lockedUser()[pri:3, instance:saucedemo.testclasses.LoginPageTest@6a03bcb1]" started-at="2025-09-07T23:06:59 IST" name="lockedUser" finished-at="2025-09-07T23:06:59 IST" duration-ms="585" status="PASS">
          <reporter-output>
          </reporter-output>
        </test-method> <!-- lockedUser -->
        <test-method is-config="true" signature="close()[pri:0, instance:saucedemo.testclasses.LoginPageTest@6a03bcb1]" started-at="2025-09-07T23:06:59 IST" name="close" finished-at="2025-09-07T23:06:59 IST" duration-ms="146" status="PASS">
          <reporter-output>
          </reporter-output>
        </test-method> <!-- close -->
        <test-method is-config="true" signature="init()[pri:0, instance:saucedemo.testclasses.LoginPageTest@6a03bcb1]" started-at="2025-09-07T23:06:59 IST" name="init" finished-at="2025-09-07T23:06:59 IST" duration-ms="2" status="PASS">
          <reporter-output>
          </reporter-output>
        </test-method> <!-- init -->
        <test-method signature="validLogin()[pri:4, instance:saucedemo.testclasses.LoginPageTest@6a03bcb1]" started-at="2025-09-07T23:06:59 IST" name="validLogin" finished-at="2025-09-07T23:07:00 IST" duration-ms="766" status="PASS">
          <reporter-output>
          </reporter-output>
        </test-method> <!-- validLogin -->
        <test-method is-config="true" signature="close()[pri:0, instance:saucedemo.testclasses.LoginPageTest@6a03bcb1]" started-at="2025-09-07T23:07:00 IST" name="close" finished-at="2025-09-07T23:07:00 IST" duration-ms="161" status="PASS">
          <reporter-output>
          </reporter-output>
        </test-method> <!-- close -->
        <test-method is-config="true" signature="teardown()[pri:0, instance:saucedemo.testclasses.LoginPageTest@6a03bcb1]" started-at="2025-09-07T23:07:37 IST" name="teardown" finished-at="2025-09-07T23:07:37 IST" duration-ms="673" status="PASS">
          <reporter-output>
          </reporter-output>
        </test-method> <!-- teardown -->
      </class> <!-- saucedemo.testclasses.LoginPageTest -->
    </test> <!-- Test -->
  </suite> <!-- Suite -->
</testng-results>
